<?xml version="1.0" encoding="UTF-8"?>
<!-- Generated by org.testng.reporters.JUnitReportReporter -->
<testsuite skipped="0" hostname="N-107" name="search.SearchTest" tests="2" failures="0" timestamp="2020-03-18T16:30:31 ART" time="25.772" errors="0">
  <testcase name="searchByDress" time="12.334" classname="search.SearchTest"/>
  <testcase name="searchNoResults" time="13.438" classname="search.SearchTest"/>
</testsuite> <!-- search.SearchTest -->
