<?xml version="1.0" encoding="UTF-8"?>
<!-- Generated by org.testng.reporters.JUnitReportReporter -->
<testsuite skipped="0" hostname="N-107" name="selections.TShirtsTest" tests="1" failures="0" timestamp="2020-03-20T14:47:59 ART" time="17.610" errors="0">
  <testcase name="dropdownsSelection" time="17.610" classname="selections.TShirtsTest"/>
</testsuite> <!-- selections.TShirtsTest -->
