<?xml version="1.0" encoding="UTF-8"?>
<!-- Generated by org.testng.reporters.JUnitReportReporter -->
<testsuite skipped="0" hostname="N-107" name="selections.WomenSelection" tests="1" failures="0" timestamp="2020-03-18T16:28:31 ART" time="16.603" errors="0">
  <testcase name="searchByChecks" time="16.603" classname="selections.WomenSelection"/>
</testsuite> <!-- selections.WomenSelection -->
