<?xml version="1.0" encoding="UTF-8"?>
<!-- Generated by org.testng.reporters.JUnitReportReporter -->
<testsuite skipped="1" hostname="N-107" name="selections.DressesTest" tests="2" failures="0" timestamp="2020-03-19T11:21:23 ART" time="18.541" errors="0">
  <testcase name="dressBlueInSectionDresses" time="18.541" classname="selections.DressesTest"/>
  <testcase name="verifySectionDresses" classname="selections.DressesTest">
    <skipped/>
  </testcase> <!-- verifySectionDresses -->
</testsuite> <!-- selections.DressesTest -->
