<?xml version="1.0" encoding="UTF-8"?>
<!-- Generated by org.testng.reporters.JUnitReportReporter -->
<testsuite skipped="2" hostname="N-107" name="search.SearchTest" tests="3" failures="0" timestamp="2020-03-19T09:48:13 ART" time="12.306" errors="0">
  <testcase name="searchCeroResults" time="12.306" classname="search.SearchTest"/>
  <testcase name="searchByDress" classname="search.SearchTest">
    <skipped/>
  </testcase> <!-- searchByDress -->
  <testcase name="searchNoResults" classname="search.SearchTest">
    <skipped/>
  </testcase> <!-- searchNoResults -->
</testsuite> <!-- search.SearchTest -->
