<?xml version="1.0" encoding="UTF-8"?>
<!-- Generated by org.testng.reporters.JUnitReportReporter -->
<testsuite skipped="2" hostname="N-107" name="selections.WomenSectionTest" tests="3" failures="0" timestamp="2020-03-19T12:23:36 ART" time="17.887" errors="0">
  <testcase name="dressBlueInSectionDresses" time="17.887" classname="selections.WomenSectionTest"/>
  <testcase name="searchByChecks" classname="selections.WomenSectionTest">
    <skipped/>
  </testcase> <!-- searchByChecks -->
  <testcase name="verifySectionDresses" classname="selections.WomenSectionTest">
    <skipped/>
  </testcase> <!-- verifySectionDresses -->
</testsuite> <!-- selections.WomenSectionTest -->
