<?xml version="1.0" encoding="UTF-8"?>
<!-- Generated by org.testng.reporters.JUnitReportReporter -->
<testsuite skipped="0" hostname="N-107" name="selections.AutenticationTest" tests="1" failures="0" timestamp="2020-03-20T15:43:33 ART" time="14.301" errors="0">
  <testcase name="loginIncorrectUser" time="14.301" classname="selections.AutenticationTest"/>
</testsuite> <!-- selections.AutenticationTest -->
